2011-03-20 18:35:49 Notice: Notice (1024): Please change the value of 'Security.salt' in app/config/core.php to a salt value specific to your application in [/home/armazenamento/desenvolvimento/projetos/cakephp-1.3.7/cake/libs/debugger.php, line 684]
2011-03-20 18:35:49 Notice: Notice (1024): Please change the value of 'Security.cipherSeed' in app/config/core.php to a numeric (digits only) seed value specific to your application in [/home/armazenamento/desenvolvimento/projetos/cakephp-1.3.7/cake/libs/debugger.php, line 688]
2011-03-20 18:37:41 Notice: Notice (1024): Please change the value of 'Security.salt' in app/config/core.php to a salt value specific to your application in [/home/armazenamento/desenvolvimento/projetos/cakephp-1.3.7/cake/libs/debugger.php, line 684]
2011-03-20 18:37:41 Notice: Notice (1024): Please change the value of 'Security.cipherSeed' in app/config/core.php to a numeric (digits only) seed value specific to your application in [/home/armazenamento/desenvolvimento/projetos/cakephp-1.3.7/cake/libs/debugger.php, line 688]
2011-03-20 18:38:02 Notice: Notice (1024): Please change the value of 'Security.salt' in app/config/core.php to a salt value specific to your application in [/home/armazenamento/desenvolvimento/projetos/cakephp-1.3.7/cake/libs/debugger.php, line 684]
2011-03-20 18:38:02 Notice: Notice (1024): Please change the value of 'Security.cipherSeed' in app/config/core.php to a numeric (digits only) seed value specific to your application in [/home/armazenamento/desenvolvimento/projetos/cakephp-1.3.7/cake/libs/debugger.php, line 688]
2011-03-20 18:40:48 Notice: Notice (1024): Please change the value of 'Security.salt' in app/config/core.php to a salt value specific to your application in [/home/armazenamento/desenvolvimento/projetos/cakephp-1.3.7/cake/libs/debugger.php, line 684]
2011-03-20 18:40:48 Notice: Notice (1024): Please change the value of 'Security.cipherSeed' in app/config/core.php to a numeric (digits only) seed value specific to your application in [/home/armazenamento/desenvolvimento/projetos/cakephp-1.3.7/cake/libs/debugger.php, line 688]
2011-03-20 18:56:20 Notice: Notice (1024): Please change the value of 'Security.salt' in app/config/core.php to a salt value specific to your application in [/home/armazenamento/desenvolvimento/projetos/cake/cake/libs/debugger.php, line 684]
2011-03-20 18:56:20 Notice: Notice (1024): Please change the value of 'Security.cipherSeed' in app/config/core.php to a numeric (digits only) seed value specific to your application in [/home/armazenamento/desenvolvimento/projetos/cake/cake/libs/debugger.php, line 688]
2011-04-23 16:59:53 Notice: Notice (8): Undefined variable: max in [/home/armazenamento/desenvolvimento/projetos/cake/cake/libs/validation.php, line 631]
2011-04-23 17:00:31 Notice: Notice (8): Undefined variable: max in [/home/armazenamento/desenvolvimento/projetos/cake/cake/libs/validation.php, line 631]
2011-04-23 17:00:38 Notice: Notice (8): Undefined variable: max in [/home/armazenamento/desenvolvimento/projetos/cake/cake/libs/validation.php, line 631]
2011-04-23 17:00:44 Notice: Notice (8): Undefined variable: max in [/home/armazenamento/desenvolvimento/projetos/cake/cake/libs/validation.php, line 631]
2011-04-23 17:20:43 Notice: Notice (8): Undefined property: GroupsController::$Session in [/home/armazenamento/desenvolvimento/projetos/cake/app/controllers/groups_controller.php, line 23]
2011-04-23 17:22:03 Notice: Notice (8): Undefined property: GroupsController::$Session in [/home/armazenamento/desenvolvimento/projetos/cake/app/controllers/groups_controller.php, line 23]
2011-04-23 17:22:11 Notice: Notice (8): Undefined property: GroupsController::$Session in [/home/armazenamento/desenvolvimento/projetos/cake/app/controllers/groups_controller.php, line 23]
2011-04-23 17:24:35 Notice: Notice (8): Undefined property: UsersController::$Session in [/home/armazenamento/desenvolvimento/projetos/cake/app/controllers/users_controller.php, line 23]
2011-04-23 17:25:41 Notice: Notice (8): Undefined property: UsersController::$Session in [/home/armazenamento/desenvolvimento/projetos/cake/app/controllers/users_controller.php, line 27]
2011-04-23 17:25:53 Notice: Notice (8): Undefined property: UsersController::$Session in [/home/armazenamento/desenvolvimento/projetos/cake/app/controllers/users_controller.php, line 24]
2011-04-23 17:27:31 Notice: Notice (8): Undefined property: UsersController::$Session in [/home/armazenamento/desenvolvimento/projetos/cake/app/controllers/users_controller.php, line 24]
2011-04-23 17:58:57 Notice: Notice (8): Undefined property: UsersController::$Session in [/home/armazenamento/desenvolvimento/projetos/cake/app/controllers/users_controller.php, line 68]
2011-04-23 17:59:03 Notice: Notice (8): Undefined property: UsersController::$Session in [/home/armazenamento/desenvolvimento/projetos/cake/app/controllers/users_controller.php, line 68]
2011-04-23 17:59:26 Notice: Notice (8): Undefined property: UsersController::$Session in [/home/armazenamento/desenvolvimento/projetos/cake/app/controllers/users_controller.php, line 68]
2011-04-23 17:59:31 Notice: Notice (8): Undefined property: UsersController::$Session in [/home/armazenamento/desenvolvimento/projetos/cake/app/controllers/users_controller.php, line 68]
2011-05-09 20:03:14 Notice: Notice (8): Undefined property: CategoriasController::$Category in [/home/armazenamento/desenvolvimento/projetos/cake/app/controllers/categorias_controller.php, line 10]
2011-05-09 20:04:02 Notice: Notice (8): Undefined index: Category in [/home/armazenamento/desenvolvimento/projetos/cake/app/controllers/categorias_controller.php, line 14]
2011-05-09 20:04:02 Notice: Notice (8): Undefined index: Category in [/home/armazenamento/desenvolvimento/projetos/cake/app/controllers/categorias_controller.php, line 15]
2011-05-09 20:04:20 Notice: Notice (8): Undefined index: Category in [/home/armazenamento/desenvolvimento/projetos/cake/app/controllers/categorias_controller.php, line 14]
2011-05-09 20:04:20 Notice: Notice (8): Undefined index: Category in [/home/armazenamento/desenvolvimento/projetos/cake/app/controllers/categorias_controller.php, line 15]
2011-05-09 20:04:53 Notice: Notice (8): Undefined index: Category in [/home/armazenamento/desenvolvimento/projetos/cake/app/controllers/categorias_controller.php, line 15]
2011-05-09 20:04:53 Notice: Notice (8): Undefined index: Category in [/home/armazenamento/desenvolvimento/projetos/cake/app/controllers/categorias_controller.php, line 16]
2011-05-09 20:44:42 Notice: Notice (8): session_start() [http://php.net/function.session-start]: ps_files_cleanup_dir: opendir(/var/lib/php5) failed: Permission denied (13) in [/home/armazenamento/desenvolvimento/projetos/cake/cake/libs/cake_session.php, line 587]
2011-05-18 21:33:27 Notice: Notice (1024): connecting to localhost:27017 failed: Transport endpoint is not connected in [/home/armazenamento/desenvolvimento/projetos/cake/app/models/datasources/mongodb_source.php, line 201]
2011-05-18 21:36:00 Notice: Notice (1024): connecting to localhost:27017 failed: Transport endpoint is not connected in [/home/armazenamento/desenvolvimento/projetos/cake/app/models/datasources/mongodb_source.php, line 201]
2011-05-19 18:51:27 Notice: Notice (8): Undefined index: title in [/home/armazenamento/desenvolvimento/projetos/cake/app/views/posts/index.ctp, line 7]
2011-05-19 18:51:27 Notice: Notice (8): Undefined index: body in [/home/armazenamento/desenvolvimento/projetos/cake/app/views/posts/index.ctp, line 8]
2011-05-19 18:51:27 Notice: Notice (8): Undefined index: hoge in [/home/armazenamento/desenvolvimento/projetos/cake/app/views/posts/index.ctp, line 9]
2011-05-19 18:52:10 Notice: Notice (8): Undefined index: title in [/home/armazenamento/desenvolvimento/projetos/cake/app/views/posts/index.ctp, line 7]
2011-05-19 18:52:10 Notice: Notice (8): Undefined index: body in [/home/armazenamento/desenvolvimento/projetos/cake/app/views/posts/index.ctp, line 8]
2011-05-19 18:52:10 Notice: Notice (8): Undefined index: hoge in [/home/armazenamento/desenvolvimento/projetos/cake/app/views/posts/index.ctp, line 9]
2011-08-15 19:39:24 Notice: Notice (1024): connecting to localhost:27017 failed: Transport endpoint is not connected in [/home/armazenamento/desenvolvimento/projetos/cake/app/models/datasources/mongodb_source.php, line 201]
2011-09-17 22:46:48 Notice: Notice (8): Undefined property: IndicadoresController::$Indicador in [/home/armazenamento/desenvolvimento/projetos/cake/app_indicadores/controllers/indicadores_controller.php, line 19]
2011-09-17 22:47:08 Notice: Notice (8): Undefined property: IndicadoresController::$Indicador in [/home/armazenamento/desenvolvimento/projetos/cake/app_indicadores/controllers/indicadores_controller.php, line 19]
2011-09-17 22:50:13 Notice: Notice (8): Undefined index: Indicadore in [/home/armazenamento/desenvolvimento/projetos/cake/app_indicadores/views/indicadores/index.ctp, line 26]
2011-09-17 22:50:13 Notice: Notice (8): Undefined index: Indicadore in [/home/armazenamento/desenvolvimento/projetos/cake/app_indicadores/views/indicadores/index.ctp, line 30]
2011-09-17 22:50:13 Notice: Notice (8): Undefined index: Indicadore in [/home/armazenamento/desenvolvimento/projetos/cake/app_indicadores/views/indicadores/index.ctp, line 31]
2011-09-17 22:50:13 Notice: Notice (8): Undefined index: Indicadore in [/home/armazenamento/desenvolvimento/projetos/cake/app_indicadores/views/indicadores/index.ctp, line 32]
2011-09-17 22:50:13 Notice: Notice (8): Undefined index: Indicadore in [/home/armazenamento/desenvolvimento/projetos/cake/app_indicadores/views/indicadores/index.ctp, line 33]
2011-09-17 22:50:13 Notice: Notice (8): Undefined index: Indicadore in [/home/armazenamento/desenvolvimento/projetos/cake/app_indicadores/views/indicadores/index.ctp, line 35]
2011-09-17 22:50:13 Notice: Notice (8): Undefined index: Indicadore in [/home/armazenamento/desenvolvimento/projetos/cake/app_indicadores/views/indicadores/index.ctp, line 36]
2011-09-17 22:50:13 Notice: Notice (8): Undefined index: Indicadore in [/home/armazenamento/desenvolvimento/projetos/cake/app_indicadores/views/indicadores/index.ctp, line 37]
2011-09-17 22:50:26 Notice: Notice (8): Undefined index: Indicadore in [/home/armazenamento/desenvolvimento/projetos/cake/app_indicadores/views/indicadores/index.ctp, line 26]
2011-09-17 22:50:26 Notice: Notice (8): Undefined index: Indicadore in [/home/armazenamento/desenvolvimento/projetos/cake/app_indicadores/views/indicadores/index.ctp, line 30]
2011-09-17 22:50:26 Notice: Notice (8): Undefined index: Indicadore in [/home/armazenamento/desenvolvimento/projetos/cake/app_indicadores/views/indicadores/index.ctp, line 31]
2011-09-17 22:50:26 Notice: Notice (8): Undefined index: Indicadore in [/home/armazenamento/desenvolvimento/projetos/cake/app_indicadores/views/indicadores/index.ctp, line 32]
2011-09-17 22:50:26 Notice: Notice (8): Undefined index: Indicadore in [/home/armazenamento/desenvolvimento/projetos/cake/app_indicadores/views/indicadores/index.ctp, line 33]
2011-09-17 22:50:26 Notice: Notice (8): Undefined index: Indicadore in [/home/armazenamento/desenvolvimento/projetos/cake/app_indicadores/views/indicadores/index.ctp, line 35]
2011-09-17 22:50:26 Notice: Notice (8): Undefined index: Indicadore in [/home/armazenamento/desenvolvimento/projetos/cake/app_indicadores/views/indicadores/index.ctp, line 36]
2011-09-17 22:50:26 Notice: Notice (8): Undefined index: Indicadore in [/home/armazenamento/desenvolvimento/projetos/cake/app_indicadores/views/indicadores/index.ctp, line 37]
2011-09-17 22:50:27 Notice: Notice (8): Undefined index: Indicadore in [/home/armazenamento/desenvolvimento/projetos/cake/app_indicadores/views/indicadores/index.ctp, line 26]
2011-09-17 22:50:27 Notice: Notice (8): Undefined index: Indicadore in [/home/armazenamento/desenvolvimento/projetos/cake/app_indicadores/views/indicadores/index.ctp, line 30]
2011-09-17 22:50:27 Notice: Notice (8): Undefined index: Indicadore in [/home/armazenamento/desenvolvimento/projetos/cake/app_indicadores/views/indicadores/index.ctp, line 31]
2011-09-17 22:50:27 Notice: Notice (8): Undefined index: Indicadore in [/home/armazenamento/desenvolvimento/projetos/cake/app_indicadores/views/indicadores/index.ctp, line 32]
2011-09-17 22:50:27 Notice: Notice (8): Undefined index: Indicadore in [/home/armazenamento/desenvolvimento/projetos/cake/app_indicadores/views/indicadores/index.ctp, line 33]
2011-09-17 22:50:27 Notice: Notice (8): Undefined index: Indicadore in [/home/armazenamento/desenvolvimento/projetos/cake/app_indicadores/views/indicadores/index.ctp, line 35]
2011-09-17 22:50:27 Notice: Notice (8): Undefined index: Indicadore in [/home/armazenamento/desenvolvimento/projetos/cake/app_indicadores/views/indicadores/index.ctp, line 36]
2011-09-17 22:50:27 Notice: Notice (8): Undefined index: Indicadore in [/home/armazenamento/desenvolvimento/projetos/cake/app_indicadores/views/indicadores/index.ctp, line 37]
2011-09-17 22:50:28 Notice: Notice (8): Undefined index: Indicadore in [/home/armazenamento/desenvolvimento/projetos/cake/app_indicadores/views/indicadores/index.ctp, line 26]
2011-09-17 22:50:28 Notice: Notice (8): Undefined index: Indicadore in [/home/armazenamento/desenvolvimento/projetos/cake/app_indicadores/views/indicadores/index.ctp, line 30]
2011-09-17 22:50:28 Notice: Notice (8): Undefined index: Indicadore in [/home/armazenamento/desenvolvimento/projetos/cake/app_indicadores/views/indicadores/index.ctp, line 31]
2011-09-17 22:50:28 Notice: Notice (8): Undefined index: Indicadore in [/home/armazenamento/desenvolvimento/projetos/cake/app_indicadores/views/indicadores/index.ctp, line 32]
2011-09-17 22:50:28 Notice: Notice (8): Undefined index: Indicadore in [/home/armazenamento/desenvolvimento/projetos/cake/app_indicadores/views/indicadores/index.ctp, line 33]
2011-09-17 22:50:28 Notice: Notice (8): Undefined index: Indicadore in [/home/armazenamento/desenvolvimento/projetos/cake/app_indicadores/views/indicadores/index.ctp, line 35]
2011-09-17 22:50:28 Notice: Notice (8): Undefined index: Indicadore in [/home/armazenamento/desenvolvimento/projetos/cake/app_indicadores/views/indicadores/index.ctp, line 36]
2011-09-17 22:50:28 Notice: Notice (8): Undefined index: Indicadore in [/home/armazenamento/desenvolvimento/projetos/cake/app_indicadores/views/indicadores/index.ctp, line 37]
2011-09-17 22:50:28 Notice: Notice (8): Undefined index: Indicadore in [/home/armazenamento/desenvolvimento/projetos/cake/app_indicadores/views/indicadores/index.ctp, line 26]
2011-09-17 22:50:28 Notice: Notice (8): Undefined index: Indicadore in [/home/armazenamento/desenvolvimento/projetos/cake/app_indicadores/views/indicadores/index.ctp, line 30]
2011-09-17 22:50:28 Notice: Notice (8): Undefined index: Indicadore in [/home/armazenamento/desenvolvimento/projetos/cake/app_indicadores/views/indicadores/index.ctp, line 31]
2011-09-17 22:50:28 Notice: Notice (8): Undefined index: Indicadore in [/home/armazenamento/desenvolvimento/projetos/cake/app_indicadores/views/indicadores/index.ctp, line 32]
2011-09-17 22:50:28 Notice: Notice (8): Undefined index: Indicadore in [/home/armazenamento/desenvolvimento/projetos/cake/app_indicadores/views/indicadores/index.ctp, line 33]
2011-09-17 22:50:28 Notice: Notice (8): Undefined index: Indicadore in [/home/armazenamento/desenvolvimento/projetos/cake/app_indicadores/views/indicadores/index.ctp, line 35]
2011-09-17 22:50:28 Notice: Notice (8): Undefined index: Indicadore in [/home/armazenamento/desenvolvimento/projetos/cake/app_indicadores/views/indicadores/index.ctp, line 36]
2011-09-17 22:50:28 Notice: Notice (8): Undefined index: Indicadore in [/home/armazenamento/desenvolvimento/projetos/cake/app_indicadores/views/indicadores/index.ctp, line 37]
2011-09-17 22:50:28 Notice: Notice (8): Undefined index: Indicadore in [/home/armazenamento/desenvolvimento/projetos/cake/app_indicadores/views/indicadores/index.ctp, line 26]
2011-09-17 22:50:28 Notice: Notice (8): Undefined index: Indicadore in [/home/armazenamento/desenvolvimento/projetos/cake/app_indicadores/views/indicadores/index.ctp, line 30]
2011-09-17 22:50:28 Notice: Notice (8): Undefined index: Indicadore in [/home/armazenamento/desenvolvimento/projetos/cake/app_indicadores/views/indicadores/index.ctp, line 31]
2011-09-17 22:50:28 Notice: Notice (8): Undefined index: Indicadore in [/home/armazenamento/desenvolvimento/projetos/cake/app_indicadores/views/indicadores/index.ctp, line 32]
2011-09-17 22:50:28 Notice: Notice (8): Undefined index: Indicadore in [/home/armazenamento/desenvolvimento/projetos/cake/app_indicadores/views/indicadores/index.ctp, line 33]
2011-09-17 22:50:28 Notice: Notice (8): Undefined index: Indicadore in [/home/armazenamento/desenvolvimento/projetos/cake/app_indicadores/views/indicadores/index.ctp, line 35]
2011-09-17 22:50:28 Notice: Notice (8): Undefined index: Indicadore in [/home/armazenamento/desenvolvimento/projetos/cake/app_indicadores/views/indicadores/index.ctp, line 36]
2011-09-17 22:50:28 Notice: Notice (8): Undefined index: Indicadore in [/home/armazenamento/desenvolvimento/projetos/cake/app_indicadores/views/indicadores/index.ctp, line 37]
2011-09-17 22:51:23 Notice: Notice (8): Undefined variable: Indicadors in [/home/armazenamento/desenvolvimento/projetos/cake/app_indicadores/views/indicadores/index.ctp, line 16]
2011-09-17 22:51:35 Notice: Notice (8): Undefined variable: Indicadores in [/home/armazenamento/desenvolvimento/projetos/cake/app_indicadores/views/indicadores/index.ctp, line 16]
2011-09-17 22:52:05 Notice: Notice (8): Undefined variable: Indicadores in [/home/armazenamento/desenvolvimento/projetos/cake/app_indicadores/views/indicadores/index.ctp, line 16]
2011-09-17 22:52:44 Notice: Notice (8): Undefined index: TipoIndicador in [/home/armazenamento/desenvolvimento/projetos/cake/app_indicadores/views/indicadores/index.ctp, line 24]
2011-09-17 22:52:56 Notice: Notice (8): Undefined index: TipoIndicador in [/home/armazenamento/desenvolvimento/projetos/cake/app_indicadores/views/indicadores/index.ctp, line 24]
2011-09-17 22:53:10 Notice: Notice (8): Undefined index: TipoIndicador in [/home/armazenamento/desenvolvimento/projetos/cake/app_indicadores/views/indicadores/index.ctp, line 24]
2011-09-17 22:53:52 Notice: Notice (8): Undefined index: TipoIndicador in [/home/armazenamento/desenvolvimento/projetos/cake/app_indicadores/views/indicadores/view.ctp, line 11]
2011-09-17 23:02:45 Notice: Notice (8): Undefined property: TipoIndicadoresController::$TipoIndicador in [/home/armazenamento/desenvolvimento/projetos/cake/app_indicadores/controllers/tipo_indicadores_controller.php, line 46]
2011-09-17 23:02:47 Notice: Notice (8): Undefined property: TipoIndicadoresController::$TipoIndicador in [/home/armazenamento/desenvolvimento/projetos/cake/app_indicadores/controllers/tipo_indicadores_controller.php, line 17]
2011-09-17 23:04:35 Notice: Notice (8): Undefined property: TipoIndicadoresController::$TipoIndicador in [/home/armazenamento/desenvolvimento/projetos/cake/app_indicadores/controllers/tipo_indicadores_controller.php, line 17]
2011-09-17 23:05:12 Notice: Notice (8): Undefined property: TipoIndicadoresController::$TipoIndicador in [/home/armazenamento/desenvolvimento/projetos/cake/app_indicadores/controllers/tipo_indicadores_controller.php, line 17]
2011-09-17 23:08:10 Notice: Notice (8): Undefined index: TipoIndicadore in [/home/armazenamento/desenvolvimento/projetos/cake/app_indicadores/views/tipo_indicadores/index.ctp, line 18]
2011-09-17 23:08:10 Notice: Notice (8): Undefined index: TipoIndicadore in [/home/armazenamento/desenvolvimento/projetos/cake/app_indicadores/views/tipo_indicadores/index.ctp, line 19]
2011-09-17 23:08:10 Notice: Notice (8): Undefined index: TipoIndicadore in [/home/armazenamento/desenvolvimento/projetos/cake/app_indicadores/views/tipo_indicadores/index.ctp, line 21]
2011-09-17 23:08:10 Notice: Notice (8): Undefined index: TipoIndicadore in [/home/armazenamento/desenvolvimento/projetos/cake/app_indicadores/views/tipo_indicadores/index.ctp, line 22]
2011-09-17 23:08:10 Notice: Notice (8): Undefined index: TipoIndicadore in [/home/armazenamento/desenvolvimento/projetos/cake/app_indicadores/views/tipo_indicadores/index.ctp, line 23]
2011-09-17 23:12:58 Notice: Notice (8): Undefined index: TipoIndicadore in [/home/armazenamento/desenvolvimento/projetos/cake/app_indicadores/views/indicadores/index.ctp, line 24]
2011-09-17 23:13:17 Notice: Notice (8): Undefined index: TipoIndicadore in [/home/armazenamento/desenvolvimento/projetos/cake/app_indicadores/views/indicadores/index.ctp, line 24]
2011-09-17 23:13:39 Notice: Notice (8): Undefined index: TipoIndicadore in [/home/armazenamento/desenvolvimento/projetos/cake/app_indicadores/views/indicadores/index.ctp, line 24]
2011-09-17 23:13:45 Notice: Notice (8): Undefined index: TipoIndicadore in [/home/armazenamento/desenvolvimento/projetos/cake/app_indicadores/views/indicadores/index.ctp, line 24]
2011-09-17 23:19:24 Notice: Notice (8): session_start() [http://php.net/function.session-start]: ps_files_cleanup_dir: opendir(/var/lib/php5) failed: Permission denied (13) in [/home/armazenamento/desenvolvimento/projetos/cake/cake/libs/cake_session.php, line 587]
2011-09-18 00:29:08 Notice: Notice (8): Undefined variable: id in [/home/armazenamento/desenvolvimento/projetos/cake/app_indicadores/views/elements/actions/options.ctp, line 1]
2011-09-18 00:29:45 Notice: Notice (8): Undefined variable: id in [/home/armazenamento/desenvolvimento/projetos/cake/app_indicadores/views/elements/actions/options.ctp, line 2]
2011-09-18 00:29:46 Notice: Notice (8): Undefined variable: id in [/home/armazenamento/desenvolvimento/projetos/cake/app_indicadores/views/elements/actions/options.ctp, line 2]
2011-09-18 00:29:47 Notice: Notice (8): Undefined variable: id in [/home/armazenamento/desenvolvimento/projetos/cake/app_indicadores/views/elements/actions/options.ctp, line 2]
2011-09-18 00:29:47 Notice: Notice (8): Undefined variable: id in [/home/armazenamento/desenvolvimento/projetos/cake/app_indicadores/views/elements/actions/options.ctp, line 2]
2011-09-18 00:29:47 Notice: Notice (8): Undefined variable: id in [/home/armazenamento/desenvolvimento/projetos/cake/app_indicadores/views/elements/actions/options.ctp, line 2]
2011-09-18 00:29:47 Notice: Notice (8): Undefined variable: id in [/home/armazenamento/desenvolvimento/projetos/cake/app_indicadores/views/elements/actions/options.ctp, line 2]
2011-09-18 00:29:47 Notice: Notice (8): Undefined variable: id in [/home/armazenamento/desenvolvimento/projetos/cake/app_indicadores/views/elements/actions/options.ctp, line 2]
2011-09-18 00:29:48 Notice: Notice (8): Undefined variable: id in [/home/armazenamento/desenvolvimento/projetos/cake/app_indicadores/views/elements/actions/options.ctp, line 2]
2011-09-18 00:29:48 Notice: Notice (8): Undefined variable: id in [/home/armazenamento/desenvolvimento/projetos/cake/app_indicadores/views/elements/actions/options.ctp, line 2]
2011-09-18 00:49:19 Notice: Notice (8): Undefined variable: id in [/home/armazenamento/desenvolvimento/projetos/cake/app_indicadores/views/elements/actions/options.ctp, line 2]
2011-09-18 00:49:19 Notice: Notice (8): Undefined variable: id in [/home/armazenamento/desenvolvimento/projetos/cake/app_indicadores/views/elements/actions/options.ctp, line 3]
2011-09-18 00:49:19 Notice: Notice (8): Undefined variable: id in [/home/armazenamento/desenvolvimento/projetos/cake/app_indicadores/views/elements/actions/options.ctp, line 4]
2011-09-18 00:49:30 Notice: Notice (8): Undefined variable: id in [/home/armazenamento/desenvolvimento/projetos/cake/app_indicadores/views/elements/actions/options.ctp, line 2]
2011-09-18 00:49:30 Notice: Notice (8): Undefined variable: id in [/home/armazenamento/desenvolvimento/projetos/cake/app_indicadores/views/elements/actions/options.ctp, line 3]
2011-09-18 00:49:30 Notice: Notice (8): Undefined variable: id in [/home/armazenamento/desenvolvimento/projetos/cake/app_indicadores/views/elements/actions/options.ctp, line 4]
2011-09-18 00:59:07 Notice: Notice (8): Undefined variable: id in [/home/armazenamento/desenvolvimento/projetos/cake/app_indicadores/views/elements/actions/options.ctp, line 2]
2011-09-18 00:59:07 Notice: Notice (8): Undefined variable: id in [/home/armazenamento/desenvolvimento/projetos/cake/app_indicadores/views/elements/actions/options.ctp, line 3]
2011-09-18 00:59:07 Notice: Notice (8): Undefined variable: id in [/home/armazenamento/desenvolvimento/projetos/cake/app_indicadores/views/elements/actions/options.ctp, line 4]
2011-09-18 01:01:09 Notice: Notice (8): Undefined variable: id in [/home/armazenamento/desenvolvimento/projetos/cake/app_indicadores/views/elements/actions/options.ctp, line 2]
2011-09-18 01:01:09 Notice: Notice (8): Undefined variable: id in [/home/armazenamento/desenvolvimento/projetos/cake/app_indicadores/views/elements/actions/options.ctp, line 3]
2011-09-18 01:01:09 Notice: Notice (8): Undefined variable: id in [/home/armazenamento/desenvolvimento/projetos/cake/app_indicadores/views/elements/actions/options.ctp, line 4]
2011-09-18 01:23:08 Notice: Notice (8): Undefined variable: indicador in [/home/armazenamento/desenvolvimento/projetos/cake/app_indicadores/views/tipo_indicadores/view.ctp, line 48]
2011-09-18 01:23:08 Notice: Notice (8): Undefined variable: indicador in [/home/armazenamento/desenvolvimento/projetos/cake/app_indicadores/views/tipo_indicadores/view.ctp, line 49]
2011-09-18 01:23:08 Notice: Notice (8): Undefined variable: indicador in [/home/armazenamento/desenvolvimento/projetos/cake/app_indicadores/views/tipo_indicadores/view.ctp, line 50]
2011-09-18 01:23:08 Notice: Notice (8): Undefined variable: indicador in [/home/armazenamento/desenvolvimento/projetos/cake/app_indicadores/views/tipo_indicadores/view.ctp, line 51]
2011-09-18 01:23:08 Notice: Notice (8): Undefined variable: indicador in [/home/armazenamento/desenvolvimento/projetos/cake/app_indicadores/views/tipo_indicadores/view.ctp, line 52]
2011-09-18 01:23:08 Notice: Notice (8): Undefined variable: indicador in [/home/armazenamento/desenvolvimento/projetos/cake/app_indicadores/views/tipo_indicadores/view.ctp, line 53]
2011-09-18 01:23:08 Notice: Notice (8): Undefined variable: indicador in [/home/armazenamento/desenvolvimento/projetos/cake/app_indicadores/views/tipo_indicadores/view.ctp, line 55]
2011-09-18 01:23:08 Notice: Notice (8): Undefined variable: indicador in [/home/armazenamento/desenvolvimento/projetos/cake/app_indicadores/views/tipo_indicadores/view.ctp, line 56]
2011-09-18 01:23:08 Notice: Notice (8): Undefined variable: indicador in [/home/armazenamento/desenvolvimento/projetos/cake/app_indicadores/views/tipo_indicadores/view.ctp, line 57]
